<?xml version="1.0" encoding="UTF-8"?>
<!-- Generated by org.testng.reporters.JUnitReportReporter -->
<testsuite hostname="DESKTOP-IPLHFRS" name="com.veeru.BussinessScripts.AndhraBank" tests="1" failures="0" timestamp="14 Apr 2018 05:52:36 GMT" time="22.442" errors="0">
  <testcase name="Login" time="22.442" classname="com.veeru.BussinessScripts.AndhraBank"/>
</testsuite> <!-- com.veeru.BussinessScripts.AndhraBank -->
