<?xml version="1.0" encoding="UTF-8"?>
<!-- Generated by org.testng.reporters.JUnitReportReporter -->
<testsuite hostname="DESKTOP-IPLHFRS" name="com.veeru.BussinessScripts.Myntra" tests="1" failures="0" timestamp="15 Mar 2018 05:21:15 GMT" time="13.189" errors="0">
  <testcase name="Myntralogin" time="13.189" classname="com.veeru.BussinessScripts.Myntra"/>
</testsuite> <!-- com.veeru.BussinessScripts.Myntra -->
