<?xml version="1.0" encoding="UTF-8"?>
<!-- Generated by org.testng.reporters.JUnitReportReporter -->
<testsuite hostname="DESKTOP-IPLHFRS" name="com.veeru.BussinessScripts.Gmail" tests="1" failures="0" timestamp="14 Mar 2018 14:04:29 GMT" time="9.654" errors="0">
  <testcase name="GmailLogin" time="9.654" classname="com.veeru.BussinessScripts.Gmail"/>
</testsuite> <!-- com.veeru.BussinessScripts.Gmail -->
