<?xml version="1.0" encoding="UTF-8"?>
<!-- Generated by org.testng.reporters.JUnitReportReporter -->
<testsuite hostname="DESKTOP-IPLHFRS" name="com.veeru.BussinessScripts.ClearTripTest" tests="1" failures="0" timestamp="19 Feb 2018 11:23:31 GMT" time="9.732" errors="0">
  <testcase name="my_clear_Trip" time="9.732" classname="com.veeru.BussinessScripts.ClearTripTest"/>
</testsuite> <!-- com.veeru.BussinessScripts.ClearTripTest -->
