<?xml version="1.0" encoding="UTF-8"?>
<!-- Generated by org.testng.reporters.JUnitReportReporter -->
<testsuite hostname="DESKTOP-IPLHFRS" name="com.veeru.BussinessScripts.my" tests="1" failures="0" timestamp="14 Mar 2018 05:00:45 GMT" time="4.309" errors="0">
  <testcase name="mylogin" time="4.309" classname="com.veeru.BussinessScripts.my"/>
</testsuite> <!-- com.veeru.BussinessScripts.my -->
