<?xml version="1.0" encoding="UTF-8"?>
<!-- Generated by org.testng.reporters.JUnitReportReporter -->
<testsuite skipped="0" hostname="DESKTOP-IPLHFRS" name="com.flipkartapp.Testcase" tests="1" failures="0" timestamp="02 Feb 2018 02:26:50 GMT" time="9.968" errors="0">
  <testcase name="flipkartTest" time="9.968" classname="com.flipkartapp.Testcase"/>
</testsuite> <!-- com.flipkartapp.Testcase -->
