<?xml version="1.0" encoding="UTF-8"?>
<!-- Generated by org.testng.reporters.JUnitReportReporter -->
<testsuite skipped="0" hostname="DESKTOP-IPLHFRS" name="com.veeru.BussinessScripts.FBTest" tests="1" failures="0" timestamp="07 Feb 2018 11:45:00 GMT" time="1.954" errors="0">
  <testcase name="login" time="1.954" classname="com.veeru.BussinessScripts.FBTest"/>
</testsuite> <!-- com.veeru.BussinessScripts.FBTest -->
