<?xml version="1.0" encoding="UTF-8"?>
<!-- Generated by org.testng.reporters.JUnitReportReporter -->
<testsuite skipped="1" hostname="DESKTOP-IPLHFRS" name="com.veeru.BussinessScripts.Gtest" tests="2" failures="0" timestamp="08 Feb 2018 07:06:36 GMT" time="0.093" errors="1">
  <testcase name="openBrowser" time="0.093" classname="com.veeru.BussinessScripts.Gtest">
    <error type="java.lang.NoClassDefFoundError" message="org/apache/commons/logging/LogFactory">
      <![CDATA[java.lang.NoClassDefFoundError: org/apache/commons/logging/LogFactoryat org.apache.http.conn.ssl.AbstractVerifier.<init>(AbstractVerifier.java:61)at org.apache.http.conn.ssl.AllowAllHostnameVerifier.<init>(AllowAllHostnameVerifier.java:44)at org.apache.http.conn.ssl.AllowAllHostnameVerifier.<clinit>(AllowAllHostnameVerifier.java:46)at org.apache.http.conn.ssl.SSLConnectionSocketFactory.<clinit>(SSLConnectionSocketFactory.java:146)at org.openqa.selenium.remote.internal.HttpClientFactory.getClientConnectionManager(HttpClientFactory.java:71)at org.openqa.selenium.remote.internal.HttpClientFactory.<init>(HttpClientFactory.java:57)at org.openqa.selenium.remote.internal.HttpClientFactory.<init>(HttpClientFactory.java:60)at org.openqa.selenium.remote.internal.ApacheHttpClient$Factory.getDefaultHttpClientFactory(ApacheHttpClient.java:242)at org.openqa.selenium.remote.internal.ApacheHttpClient$Factory.<init>(ApacheHttpClient.java:219)at org.openqa.selenium.remote.HttpCommandExecutor.getDefaultClientFactory(HttpCommandExecutor.java:93)at org.openqa.selenium.remote.HttpCommandExecutor.<init>(HttpCommandExecutor.java:72)at org.openqa.selenium.remote.service.DriverCommandExecutor.<init>(DriverCommandExecutor.java:63)at org.openqa.selenium.chrome.ChromeDriverCommandExecutor.<init>(ChromeDriverCommandExecutor.java:36)at org.openqa.selenium.chrome.ChromeDriver.<init>(ChromeDriver.java:181)at org.openqa.selenium.chrome.ChromeDriver.<init>(ChromeDriver.java:168)at org.openqa.selenium.chrome.ChromeDriver.<init>(ChromeDriver.java:123)at com.veeru.selenium.Engines.DriverEngines.openBrowser(DriverEngines.java:30)at sun.reflect.NativeMethodAccessorImpl.invoke0(Native Method)at sun.reflect.NativeMethodAccessorImpl.invoke(Unknown Source)at sun.reflect.DelegatingMethodAccessorImpl.invoke(Unknown Source)at java.lang.reflect.Method.invoke(Unknown Source)at org.testng.internal.MethodInvocationHelper.invokeMethod(MethodInvocationHelper.java:124)at org.testng.internal.MethodInvocationHelper.invokeMethodConsideringTimeout(MethodInvocationHelper.java:59)at org.testng.internal.Invoker.invokeConfigurationMethod(Invoker.java:451)at org.testng.internal.Invoker.invokeConfigurations(Invoker.java:222)at org.testng.internal.Invoker.invokeConfigurations(Invoker.java:142)at org.testng.SuiteRunner.privateRun(SuiteRunner.java:401)at org.testng.SuiteRunner.run(SuiteRunner.java:364)at org.testng.SuiteRunnerWorker.runSuite(SuiteRunnerWorker.java:52)at org.testng.SuiteRunnerWorker.run(SuiteRunnerWorker.java:84)at org.testng.TestNG.runSuitesSequentially(TestNG.java:1187)at org.testng.TestNG.runSuitesLocally(TestNG.java:1116)at org.testng.TestNG.runSuites(TestNG.java:1028)at org.testng.TestNG.run(TestNG.java:996)at org.testng.remote.AbstractRemoteTestNG.run(AbstractRemoteTestNG.java:114)at org.testng.remote.RemoteTestNG.initAndRun(RemoteTestNG.java:251)at org.testng.remote.RemoteTestNG.main(RemoteTestNG.java:77)Caused by: java.lang.ClassNotFoundException: org.apache.commons.logging.LogFactoryat java.net.URLClassLoader.findClass(Unknown Source)at java.lang.ClassLoader.loadClass(Unknown Source)at sun.misc.Launcher$AppClassLoader.loadClass(Unknown Source)at java.lang.ClassLoader.loadClass(Unknown Source)... 37 more]]>
    </error>
  </testcase> <!-- openBrowser -->
  <testcase name="logIn" time="0.000" classname="com.veeru.BussinessScripts.Gtest">
    <skipped/>
  </testcase> <!-- logIn -->
</testsuite> <!-- com.veeru.BussinessScripts.Gtest -->
